<?xml version="1.0" encoding="UTF-8"?>
<!-- Generated by org.testng.reporters.JUnitXMLReporter -->
<testsuite ignored="6" hostname="LTIN283605" failures="0" tests="5" name="ChromeTest" time="186.75" errors="0" timestamp="2024-03-22T14:24:34 IST">
  <testcase classname="TestCase.TC001_UpBikeDetails" name="clickNewBikes" time="41.496"/>
  <testcase classname="TestCase.TC001_UpBikeDetails" name="clickUpcomingBikes" time="44.216"/>
  <testcase classname="TestCase.TC002_UsedCarsDetails" name="UsedCarDetails" time="43.747"/>
  <testcase classname="TestCase.TC003_GoogleLogin" name="verifyLoginPage" time="4.051"/>
  <testcase classname="TestCase.TC004_GoogleSignup" name="verifyLoginPage" time="8.875"/>
  <testcase classname="TestBase.BaseClass" name="@BeforeTest invokeBrowser" time="0.0">
    <ignored/>
  </testcase> <!-- @BeforeTest invokeBrowser -->
  <testcase classname="TestBase.BaseClass" name="@AfterTest tearDown" time="0.0">
    <ignored/>
  </testcase> <!-- @AfterTest tearDown -->
  <testcase classname="TestBase.BaseClass" name="@BeforeTest invokeBrowser" time="0.0">
    <ignored/>
  </testcase> <!-- @BeforeTest invokeBrowser -->
  <testcase classname="TestBase.BaseClass" name="@AfterTest tearDown" time="0.0">
    <ignored/>
  </testcase> <!-- @AfterTest tearDown -->
  <testcase classname="TestBase.BaseClass" name="@BeforeTest invokeBrowser" time="0.0">
    <ignored/>
  </testcase> <!-- @BeforeTest invokeBrowser -->
  <testcase classname="TestBase.BaseClass" name="@AfterTest tearDown" time="0.0">
    <ignored/>
  </testcase> <!-- @AfterTest tearDown -->
</testsuite> <!-- ChromeTest -->
