<?xml version="1.0" encoding="UTF-8"?>
<!-- Generated by org.testng.reporters.JUnitXMLReporter -->
<testsuite ignored="2" hostname="LTIN283605" failures="0" tests="2" name="ChromeTest(failed)" time="88.662" errors="0" timestamp="2024-03-22T14:51:39 IST">
  <testcase classname="TestCase.TC003_GoogleLogin" name="verifyLoginPage" time="32.881"/>
  <testcase classname="TestCase.TC004_GoogleSignup" name="verifyLoginPage" time="9.332"/>
  <testcase classname="TestBase.BaseClass" name="@BeforeTest invokeBrowser" time="0.0">
    <ignored/>
  </testcase> <!-- @BeforeTest invokeBrowser -->
  <testcase classname="TestBase.BaseClass" name="@AfterTest tearDown" time="0.0">
    <ignored/>
  </testcase> <!-- @AfterTest tearDown -->
</testsuite> <!-- ChromeTest(failed) -->
